<?xml version="1.0" encoding="UTF-8"?>
<!-- Generated by org.testng.reporters.JUnitReportReporter -->
<testsuite skipped="0" hostname="GaneshbabuTS-PC" name="allLeads.ProjectMethods" tests="4" failures="0" timestamp="05 May 2018 13:32:43 GMT" time="0.025" errors="0">
  <testcase name="afterClass" time="0.005" classname="allLeads.ProjectMethods"/>
  <testcase name="beforeTest" time="0.002" classname="allLeads.ProjectMethods"/>
  <testcase name="beforeClass" time="0.016" classname="allLeads.ProjectMethods"/>
  <testcase name="afterTest" time="0.002" classname="allLeads.ProjectMethods"/>
</testsuite> <!-- allLeads.ProjectMethods -->
