<?xml version="1.0" encoding="UTF-8"?>
<!-- Generated by org.testng.reporters.JUnitReportReporter -->
<testsuite skipped="0" hostname="GaneshbabuTS-PC" name="testcases.EditLead" tests="1" failures="0" timestamp="01 May 2018 16:02:20 GMT" time="15.320" errors="0">
  <testcase name="editLead" time="15.320" classname="testcases.EditLead"/>
</testsuite> <!-- testcases.EditLead -->
