<?xml version="1.0" encoding="UTF-8"?>
<!-- Generated by org.testng.reporters.JUnitReportReporter -->
<testsuite skipped="0" hostname="GaneshbabuTS-PC" name="allLeads.CreateLeadNew" tests="2" failures="0" timestamp="05 May 2018 17:59:43 GMT" time="57.974" errors="0">
  <testcase name="createLead" time="28.402" classname="allLeads.CreateLeadNew"/>
  <testcase name="createLead" time="29.572" classname="allLeads.CreateLeadNew"/>
</testsuite> <!-- allLeads.CreateLeadNew -->
