<?xml version="1.0" encoding="UTF-8"?>
<!-- Generated by org.testng.reporters.JUnitReportReporter -->
<testsuite skipped="0" hostname="GaneshbabuTS-PC" name="testcases.Createlead" tests="1" failures="0" timestamp="01 May 2018 15:55:17 GMT" time="13.167" errors="0">
  <testcase name="createLead" time="13.167" classname="testcases.Createlead"/>
</testsuite> <!-- testcases.Createlead -->
