<?xml version="1.0" encoding="UTF-8"?>
<!-- Generated by org.testng.reporters.JUnitReportReporter -->
<testsuite skipped="0" hostname="GaneshbabuTS-PC" name="reports.ReadFromExcel1" tests="1" failures="0" timestamp="05 May 2018 12:44:39 GMT" time="1.416" errors="0">
  <testcase name="fetchData" time="1.416" classname="reports.ReadFromExcel1"/>
</testsuite> <!-- reports.ReadFromExcel1 -->
