<?xml version="1.0" encoding="UTF-8"?>
<!-- Generated by org.testng.reporters.JUnitReportReporter -->
<testsuite skipped="0" hostname="GaneshbabuTS-PC" name="testcases.MergeLead" tests="1" failures="0" timestamp="01 May 2018 16:02:20 GMT" time="13.374" errors="0">
  <testcase name="mergeLead" time="13.374" classname="testcases.MergeLead"/>
</testsuite> <!-- testcases.MergeLead -->
