<?xml version="1.0" encoding="UTF-8"?>
<!-- Generated by org.testng.reporters.JUnitReportReporter -->
<testsuite skipped="0" hostname="GaneshbabuTS-PC" name="testcases.DuplicateLead" tests="1" failures="0" timestamp="01 May 2018 16:02:20 GMT" time="12.139" errors="0">
  <testcase name="duplicateLead" time="12.139" classname="testcases.DuplicateLead"/>
</testsuite> <!-- testcases.DuplicateLead -->
