<?xml version="1.0" encoding="UTF-8"?>
<!-- Generated by org.testng.reporters.JUnitReportReporter -->
<testsuite skipped="0" hostname="VATLODCD00030" name="allLeads.DuplicateLead" tests="1" failures="0" timestamp="06 Jul 2018 08:00:16 GMT" time="0.015" errors="0">
  <testcase name="duplicateLead" time="0.015" classname="allLeads.DuplicateLead"/>
</testsuite> <!-- allLeads.DuplicateLead -->
