<?xml version="1.0" encoding="UTF-8"?>
<!-- Generated by org.testng.reporters.JUnitReportReporter -->
<testsuite skipped="0" hostname="GaneshbabuTS-PC" name="reports.ReadFromExcelSimple" tests="1" failures="0" timestamp="15 May 2018 12:57:19 GMT" time="1.010" errors="0">
  <testcase name="fetchData" time="1.010" classname="reports.ReadFromExcelSimple"/>
</testsuite> <!-- reports.ReadFromExcelSimple -->
