<?xml version="1.0" encoding="UTF-8"?>
<!-- Generated by org.testng.reporters.JUnitReportReporter -->
<testsuite skipped="0" hostname="GaneshbabuTS-PC" name="allLeads.MergeLead" tests="1" failures="0" timestamp="03 May 2018 17:52:26 GMT" time="2.040" errors="1">
  <testcase name="mergeLead" time="2.040" classname="allLeads.MergeLead">
    <error type="org.testng.internal.thread.ThreadTimeoutException" message="Method allLeads.MergeLead.mergeLead() didn&#039;t finish within the time-out 2000">
      <![CDATA[org.testng.internal.thread.ThreadTimeoutException: Method allLeads.MergeLead.mergeLead() didn't finish within the time-out 2000at java.net.SocketInputStream.socketRead0(Native Method)at java.net.SocketInputStream.read(Unknown Source)at java.net.SocketInputStream.read(Unknown Source)at okio.Okio$2.read(Okio.java:139)at okio.AsyncTimeout$2.read(AsyncTimeout.java:237)at okio.RealBufferedSource.indexOf(RealBufferedSource.java:345)at okio.RealBufferedSource.readUtf8LineStrict(RealBufferedSource.java:217)at okhttp3.internal.http1.Http1Codec.readHeaderLine(Http1Codec.java:212)at okhttp3.internal.http1.Http1Codec.readResponseHeaders(Http1Codec.java:189)at okhttp3.internal.http.CallServerInterceptor.intercept(CallServerInterceptor.java:88)at okhttp3.internal.http.RealInterceptorChain.proceed(RealInterceptorChain.java:147)at okhttp3.internal.connection.ConnectInterceptor.intercept(ConnectInterceptor.java:45)at okhttp3.internal.http.RealInterceptorChain.proceed(RealInterceptorChain.java:147)at okhttp3.internal.http.RealInterceptorChain.proceed(RealInterceptorChain.java:121)at okhttp3.internal.cache.CacheInterceptor.intercept(CacheInterceptor.java:93)at okhttp3.internal.http.RealInterceptorChain.proceed(RealInterceptorChain.java:147)at okhttp3.internal.http.RealInterceptorChain.proceed(RealInterceptorChain.java:121)at okhttp3.internal.http.BridgeInterceptor.intercept(BridgeInterceptor.java:93)at okhttp3.internal.http.RealInterceptorChain.proceed(RealInterceptorChain.java:147)at okhttp3.internal.http.RetryAndFollowUpInterceptor.intercept(RetryAndFollowUpInterceptor.java:125)at okhttp3.internal.http.RealInterceptorChain.proceed(RealInterceptorChain.java:147)at okhttp3.internal.http.RealInterceptorChain.proceed(RealInterceptorChain.java:121)at okhttp3.RealCall.getResponseWithInterceptorChain(RealCall.java:200)at okhttp3.RealCall.execute(RealCall.java:77)at org.openqa.selenium.remote.internal.OkHttpClient.execute(OkHttpClient.java:101)at org.openqa.selenium.remote.ProtocolHandshake.createSession(ProtocolHandshake.java:101)at org.openqa.selenium.remote.ProtocolHandshake.createSession(ProtocolHandshake.java:73)at org.openqa.selenium.remote.HttpCommandExecutor.execute(HttpCommandExecutor.java:136)at org.openqa.selenium.remote.service.DriverCommandExecutor.execute(DriverCommandExecutor.java:83)at org.openqa.selenium.remote.RemoteWebDriver.execute(RemoteWebDriver.java:545)at org.openqa.selenium.remote.RemoteWebDriver.startSession(RemoteWebDriver.java:209)at org.openqa.selenium.remote.RemoteWebDriver.<init>(RemoteWebDriver.java:132)at org.openqa.selenium.chrome.ChromeDriver.<init>(ChromeDriver.java:181)at org.openqa.selenium.chrome.ChromeDriver.<init>(ChromeDriver.java:168)at org.openqa.selenium.chrome.ChromeDriver.<init>(ChromeDriver.java:123)at wdMethods.SeMethods.startApp(SeMethods.java:31)at allLeads.MergeLead.mergeLead(MergeLead.java:24)at sun.reflect.NativeMethodAccessorImpl.invoke0(Native Method)at sun.reflect.NativeMethodAccessorImpl.invoke(Unknown Source)at sun.reflect.DelegatingMethodAccessorImpl.invoke(Unknown Source)at java.lang.reflect.Method.invoke(Unknown Source)at org.testng.internal.MethodInvocationHelper.invokeMethod(MethodInvocationHelper.java:124)at org.testng.internal.InvokeMethodRunnable.runOne(InvokeMethodRunnable.java:54)at org.testng.internal.InvokeMethodRunnable.run(InvokeMethodRunnable.java:44)at java.util.concurrent.Executors$RunnableAdapter.call(Unknown Source)at java.util.concurrent.FutureTask.run(Unknown Source)at java.util.concurrent.ThreadPoolExecutor.runWorker(Unknown Source)at java.util.concurrent.ThreadPoolExecutor$Worker.run(Unknown Source)at java.lang.Thread.run(Unknown Source)]]>
    </error>
  </testcase> <!-- mergeLead -->
</testsuite> <!-- allLeads.MergeLead -->
