<?xml version="1.0" encoding="UTF-8"?>
<!-- Generated by org.testng.reporters.JUnitReportReporter -->
<testsuite skipped="0" hostname="GaneshbabuTS-PC" name="testcases.DeleteLead" tests="1" failures="0" timestamp="01 May 2018 16:02:20 GMT" time="19.287" errors="0">
  <testcase name="deleteLead" time="19.287" classname="testcases.DeleteLead"/>
</testsuite> <!-- testcases.DeleteLead -->
