<?xml version="1.0" encoding="UTF-8"?>
<!-- Generated by org.testng.reporters.JUnitReportReporter -->
<testsuite skipped="0" hostname="GaneshbabuTS-PC" name="allLeads.DuplicateLead" tests="1" failures="0" timestamp="03 May 2018 18:14:06 GMT" time="11.853" errors="0">
  <testcase name="duplicateLead" time="11.853" classname="allLeads.DuplicateLead"/>
</testsuite> <!-- allLeads.DuplicateLead -->
