<?xml version="1.0" encoding="UTF-8"?>
<!-- Generated by org.testng.reporters.JUnitReportReporter -->
<testsuite skipped="0" hostname="VATLODCD00030" name="allLeads.DeleteLead" tests="1" failures="0" timestamp="06 Jul 2018 08:00:16 GMT" time="0.016" errors="0">
  <testcase name="deleteLead" time="0.016" classname="allLeads.DeleteLead"/>
</testsuite> <!-- allLeads.DeleteLead -->
