<?xml version="1.0" encoding="UTF-8"?>
<!-- Generated by org.testng.reporters.JUnitReportReporter -->
<testsuite skipped="0" hostname="GaneshbabuTS-PC" name="allLeads.Createlead" tests="6" failures="0" timestamp="13 May 2018 12:52:57 GMT" time="50.896" errors="0">
  <testcase name="close" time="7.853" classname="allLeads.Createlead"/>
  <testcase name="beforeTest" time="9.679" classname="allLeads.Createlead"/>
  <testcase name="beforeClass" time="6.808" classname="allLeads.Createlead"/>
  <testcase name="createLead" time="12.745" classname="allLeads.Createlead"/>
  <testcase name="afterClass" time="6.677" classname="allLeads.Createlead"/>
  <testcase name="afterTest" time="7.134" classname="allLeads.Createlead"/>
</testsuite> <!-- allLeads.Createlead -->
