<?xml version="1.0" encoding="UTF-8"?>
<!-- Generated by org.testng.reporters.JUnitReportReporter -->
<testsuite skipped="0" hostname="GaneshbabuTS-PC" name="allLeads.EditLead" tests="1" failures="0" timestamp="03 May 2018 18:22:13 GMT" time="5.917" errors="0">
  <testcase name="editLead" time="5.917" classname="allLeads.EditLead"/>
</testsuite> <!-- allLeads.EditLead -->
