<?xml version="1.0" encoding="UTF-8"?>
<!-- Generated by org.testng.reporters.JUnitReportReporter -->
<testsuite skipped="0" hostname="GaneshbabuTS-PC" name="allLeads.EditLeadNew" tests="1" failures="0" timestamp="05 May 2018 17:59:43 GMT" time="24.075" errors="0">
  <testcase name="editLead" time="24.075" classname="allLeads.EditLeadNew"/>
</testsuite> <!-- allLeads.EditLeadNew -->
